2025-06-11 07:08:24 [DEBUG] Output_fomatter: Started: real_time_text_generator
2025-06-11 07:08:24 [INFO] Output_fomatter: real_time_text_generator took 0.000 seconds
2025-06-11 07:10:47 [DEBUG] Output_fomatter: Started: real_time_image_text_generator
2025-06-11 07:10:47 [INFO] Output_fomatter: real_time_image_text_generator took 0.000 seconds
2025-06-11 07:10:55 [ERROR] Output_fomatter: Real time image and text generator have malfunctionedunhandled errors in a TaskGroup (1 sub-exception)
2025-06-11 07:14:01 [DEBUG] Output_fomatter: Started: real_time_image_text_generator
2025-06-11 07:14:01 [INFO] Output_fomatter: real_time_image_text_generator took 0.000 seconds
2025-06-11 07:38:34 [ERROR] Output_fomatter: Real time image and text generator have malfunctionedunhandled errors in a TaskGroup (1 sub-exception)
2025-06-11 07:40:22 [INFO] Output_fomatter: /image iterator: 101.783 sec
2025-06-11 07:41:54 [INFO] Output_fomatter: /image iterator: 193.818 sec
2025-06-11 07:43:31 [INFO] Output_fomatter: /image iterator: 291.094 sec
2025-06-11 07:55:43 [INFO] Output_fomatter: /image iterator: 286.820 sec
2025-06-11 12:46:20 [ERROR] Output_fomatter: Real time image and text generator have malfunctionedunhandled errors in a TaskGroup (1 sub-exception)
2025-06-11 12:47:38 [ERROR] Output_fomatter: Real time image and text generator have malfunctionedunhandled errors in a TaskGroup (1 sub-exception)
2025-06-11 12:52:42 [ERROR] Output_fomatter: Real time image and text generator have malfunctionedunhandled errors in a TaskGroup (1 sub-exception)
2025-06-11 13:10:39 [ERROR] Output_fomatter: Real time image and text generator have malfunctionedunhandled errors in a TaskGroup (1 sub-exception)
2025-06-11 13:56:46 [INFO] Output_fomatter: /image iterator: 277.080 sec
2025-06-11 14:11:56 [ERROR] Output_fomatter: Real time image and text generator have malfunctionedunhandled errors in a TaskGroup (1 sub-exception)
2025-06-11 14:12:04 [ERROR] Output_fomatter: Real time image and text generator have malfunctionedunhandled errors in a TaskGroup (1 sub-exception)
2025-06-11 14:12:05 [ERROR] Output_fomatter: Real time image and text generator have malfunctionedunhandled errors in a TaskGroup (1 sub-exception)
2025-06-11 14:12:05 [ERROR] Output_fomatter: Real time image and text generator have malfunctionedunhandled errors in a TaskGroup (1 sub-exception)
2025-06-11 14:12:05 [ERROR] Output_fomatter: Real time image and text generator have malfunctionedunhandled errors in a TaskGroup (1 sub-exception)
2025-06-11 14:12:06 [ERROR] Output_fomatter: Real time image and text generator have malfunctionedunhandled errors in a TaskGroup (1 sub-exception)
2025-06-11 14:12:06 [ERROR] Output_fomatter: Real time image and text generator have malfunctionedunhandled errors in a TaskGroup (1 sub-exception)
2025-06-11 14:12:09 [ERROR] Output_fomatter: Real time image and text generator have malfunctionedunhandled errors in a TaskGroup (1 sub-exception)
2025-06-11 14:12:09 [ERROR] Output_fomatter: Real time image and text generator have malfunctionedunhandled errors in a TaskGroup (1 sub-exception)
2025-06-11 14:12:09 [ERROR] Output_fomatter: Real time image and text generator have malfunctionedunhandled errors in a TaskGroup (1 sub-exception)
2025-06-11 14:12:09 [ERROR] Output_fomatter: Real time image and text generator have malfunctionedunhandled errors in a TaskGroup (1 sub-exception)
2025-06-11 14:13:22 [ERROR] Output_fomatter: Real time image and text generator have malfunctionedunhandled errors in a TaskGroup (1 sub-exception)
2025-06-11 14:28:33 [ERROR] Output_fomatter: Real time image and text generator have malfunctionedunhandled errors in a TaskGroup (1 sub-exception)
2025-06-11 14:35:47 [ERROR] Output_fomatter: Real time image and text generator have malfunctionedunhandled errors in a TaskGroup (1 sub-exception)
2025-06-11 15:15:07 [INFO] Output_fomatter: /image iterator: 253.718 sec
